#
# A fatal error has been detected by the Java Runtime Environment:
#
#  Internal Error (javaClasses.cpp:136), pid=252, tid=4032
#  fatal error: Invalid layout of preloaded class
#
# JRE version:  (7.0_55-b13) (build )
# Java VM: Java HotSpot(TM) 64-Bit Server VM (24.55-b03 mixed mode windows-amd64 compressed oops)
# Failed to write core dump. Minidumps are not enabled by default on client versions of Windows
#
# If you would like to submit a bug report, please visit:
#   http://bugreport.sun.com/bugreport/crash.jsp
#

---------------  T H R E A D  ---------------

Current thread (0x00000000023be000):  JavaThread "Unknown thread" [_thread_in_vm, id=4032, stack(0x00000000025d0000,0x00000000026d0000)]

Stack: [0x00000000025d0000,0x00000000026d0000]

---------------  P R O C E S S  ---------------

Java Threads: ( => current thread )

Other Threads:

=>0x00000000023be000 (exited) JavaThread "Unknown thread" [_thread_in_vm, id=4032, stack(0x00000000025d0000,0x00000000026d0000)]

VM state:not at safepoint (not fully initialized)

VM Mutex/Monitor currently owned by a thread: None

GC Heap History (0 events):
No events

Deoptimization events (0 events):
No events

Internal exceptions (0 events):
No events

Events (10 events):
Event: 0.027 loading class 0x0000000009dd0760 done
Event: 0.028 loading class 0x0000000009dd0180 done
Event: 0.028 loading class 0x0000000009dd0160
Event: 0.028 loading class 0x0000000009dd8260
Event: 0.028 loading class 0x0000000009dd8260 done
Event: 0.028 loading class 0x0000000009dd8290
Event: 0.028 loading class 0x0000000009dd8290 done
Event: 0.028 loading class 0x0000000009dd82c0
Event: 0.028 loading class 0x0000000009dd82c0 done
Event: 0.028 loading class 0x0000000009dd0160 done


Dynamic libraries:
0x000000013f810000 - 0x000000013f843000 	C:\Program Files\Java\jre7\bin\javaw.exe
0x00000000776b0000 - 0x0000000077859000 	C:\Windows\SYSTEM32\ntdll.dll
0x0000000077490000 - 0x00000000775af000 	C:\Windows\system32\kernel32.dll
0x000007fefd740000 - 0x000007fefd7ac000 	C:\Windows\system32\KERNELBASE.dll
0x0000000073950000 - 0x00000000739ee000 	C:\Program Files\Bitdefender\Bitdefender\Active Virus Control\Avc3_00305_057\avcuf64.dll
0x000007fefede0000 - 0x000007fefeebb000 	C:\Windows\system32\ADVAPI32.dll
0x000007feff920000 - 0x000007feff9bf000 	C:\Windows\system32\msvcrt.dll
0x000007fefda90000 - 0x000007fefdaaf000 	C:\Windows\SYSTEM32\sechost.dll
0x000007feff530000 - 0x000007feff65d000 	C:\Windows\system32\RPCRT4.dll
0x00000000775b0000 - 0x00000000776aa000 	C:\Windows\system32\USER32.dll
0x000007fefdab0000 - 0x000007fefdb17000 	C:\Windows\system32\GDI32.dll
0x000007fefeda0000 - 0x000007fefedae000 	C:\Windows\system32\LPK.dll
0x000007fefd9c0000 - 0x000007fefda89000 	C:\Windows\system32\USP10.dll
0x000007fefacf0000 - 0x000007fefaee4000 	C:\Windows\WinSxS\amd64_microsoft.windows.common-controls_6595b64144ccf1df_6.0.7601.18837_none_fa3b1e3d17594757\COMCTL32.dll
0x000007fefef60000 - 0x000007fefefd1000 	C:\Windows\system32\SHLWAPI.dll
0x000007fefedb0000 - 0x000007fefedde000 	C:\Windows\system32\IMM32.DLL
0x000007feff420000 - 0x000007feff529000 	C:\Windows\system32\MSCTF.dll
0x000000006e6d0000 - 0x000000006e7a2000 	C:\Program Files\Java\jre7\bin\msvcr100.dll
0x000000006df00000 - 0x000000006e6c9000 	C:\Program Files\Java\jre7\bin\server\jvm.dll
0x000007fef6320000 - 0x000007fef6329000 	C:\Windows\system32\WSOCK32.dll
0x000007feff660000 - 0x000007feff6ad000 	C:\Windows\system32\WS2_32.dll
0x000007fefed90000 - 0x000007fefed98000 	C:\Windows\system32\NSI.dll
0x000007fefc5f0000 - 0x000007fefc62b000 	C:\Windows\system32\WINMM.dll
0x0000000077880000 - 0x0000000077887000 	C:\Windows\system32\PSAPI.DLL
0x0000000000120000 - 0x000000000012f000 	C:\Program Files\Java\jre7\bin\verify.dll
0x0000000000130000 - 0x0000000000158000 	C:\Program Files\Java\jre7\bin\java.dll
0x0000000000290000 - 0x00000000002a5000 	C:\Program Files\Java\jre7\bin\zip.dll

VM Arguments:
jvm_args: -Dfile.encoding=Cp1252 -Xbootclasspath:C:\adt-bundle-windows-x86_64-20131030\sdk\platforms\android-19\android.jar 
java_command: com.anrei0000.robot_server.Server
Launcher Type: SUN_STANDARD

Environment Variables:
PATH=C:\Windows\system32;C:\Windows;C:\Windows\System32\Wbem;C:\Windows\System32\WindowsPowerShell\v1.0\;C:\Program Files (x86)\Intel\OpenCL SDK\2.0\bin\x86;C:\Program Files (x86)\Intel\OpenCL SDK\2.0\bin\x64;C:\Program Files (x86)\Toshiba\Bluetooth Toshiba Stack\sys\;C:\Program Files (x86)\Toshiba\Bluetooth Toshiba Stack\sys\x64\;C:\Program Files\Intel\WiFi\bin\;C:\Program Files\Common Files\Intel\WirelessCommon\;C:\Program Files\Microsoft SQL Server\110\DTS\Binn\;C:\Program Files (x86)\Microsoft SQL Server\110\Tools\Binn\;C:\Program Files\Microsoft SQL Server\110\Tools\Binn\;C:\Program Files (x86)\Microsoft SQL Server\110\Tools\Binn\ManagementStudio\;C:\Program Files (x86)\Microsoft Visual Studio 10.0\Common7\IDE\PrivateAssemblies\;C:\Program Files (x86)\Microsoft SQL Server\110\DTS\Binn\;C:\Program Files\nodejs\;C:\wamp\bin\php\php5.4.12;C:\Program Files (x86)\Java\jre7\bin;C:\Program Files (x86)\QuickTime\QTSystem\;C:\Ruby22-x64\bin;C:\Program Files\Intel\WiFi\bin\;C:\Program Files\Common Files\Intel\WirelessCommon\;C:\Program Files (x86)\Nmap;C:\Users\Ciuc\AppData\Roaming\npm
USERNAME=Ciuc
OS=Windows_NT
PROCESSOR_IDENTIFIER=Intel64 Family 6 Model 58 Stepping 9, GenuineIntel



---------------  S Y S T E M  ---------------

OS: Windows 7 , 64 bit Build 7601 Service Pack 1

CPU:total 8 (4 cores per cpu, 2 threads per core) family 6 model 58 stepping 9, cmov, cx8, fxsr, mmx, sse, sse2, sse3, ssse3, sse4.1, sse4.2, popcnt, avx, aes, erms, ht, tsc, tscinvbit, tscinv

Memory: 4k page, physical 6183696k(2736532k free), swap 12365556k(8260080k free)

vm_info: Java HotSpot(TM) 64-Bit Server VM (24.55-b03) for windows-amd64 JRE (1.7.0_55-b13), built on Mar 17 2014 19:45:30 by "java_re" with unknown MS VC++:1600

time: Tue Jun 16 19:36:57 2015
elapsed time: 0 seconds

